<?xml version="1.0" encoding="UTF-8"?>
<!-- Generated by org.testng.reporters.JUnitXMLReporter -->
<testsuite ignored="0" hostname="LAPTOP-6COU3AKC" failures="0" tests="4" name="Default test" time="14.328" errors="0" timestamp="16 Oct 2023 07:00:50 GMT">
  <testcase classname="CTtest.Test3" name="registerUser" time="4.783"/>
  <testcase classname="CTtest.Test3" name="loginUser" time="3.626"/>
  <testcase classname="CTtest.Test3" name="changeTheme" time="1.232"/>
  <testcase classname="CTtest.Test3" name="userProfileUpdate" time="0.454"/>
</testsuite> <!-- Default test -->
