<?xml version="1.0" encoding="UTF-8"?>
<!-- Generated by org.testng.reporters.JUnitXMLReporter -->
<testsuite ignored="0" hostname="LAPTOP-6COU3AKC" failures="1" tests="4" name="Test1Suite" time="12.834" errors="0" timestamp="25 Sep 2023 04:52:05 GMT">
  <testcase classname="CTtest.Test3" name="registerUser" time="4.441"/>
  <testcase classname="CTtest.Test3" name="loginUser" time="3.293"/>
  <testcase classname="CTtest.Test3" name="changeTheme" time="1.2">
    <failure type="java.lang.AssertionError" message="expected [] but found [dark-theme]">
      <![CDATA[java.lang.AssertionError: expected [] but found [dark-theme]
at CTtest.Test3.changeTheme(Test3.java:74)
... Removed 35 stack frames]]>
    </failure>
  </testcase> <!-- changeTheme -->
  <testcase classname="CTtest.Test3" name="userProfileUpdate" time="0.193"/>
</testsuite> <!-- Test1Suite -->
