<?xml version="1.0" encoding="UTF-8"?>
<testng-results ignored="0" total="1" passed="1" failed="0" skipped="0">
  <reporter-output>
  </reporter-output>
  <suite started-at="2023-09-14T10:19:00 IST" name="MyTestSuite" finished-at="2023-09-14T10:19:08 IST" duration-ms="7899">
    <groups>
    </groups>
    <test started-at="2023-09-14T10:19:00 IST" name="Test1Suite" finished-at="2023-09-14T10:19:08 IST" duration-ms="7899">
      <class name="CTtest.Test1">
        <test-method signature="check1()[pri:0, instance:CTtest.Test1@78e117e3]" started-at="2023-09-14T10:19:00 IST" name="check1" finished-at="2023-09-14T10:19:08 IST" duration-ms="7865" status="PASS">
          <reporter-output>
          </reporter-output>
        </test-method> <!-- check1 -->
      </class> <!-- CTtest.Test1 -->
    </test> <!-- Test1Suite -->
  </suite> <!-- MyTestSuite -->
</testng-results>
