<?xml version="1.0" encoding="UTF-8"?>
<testng-results ignored="0" total="4" passed="4" failed="0" skipped="0">
  <reporter-output>
  </reporter-output>
  <suite started-at="2023-09-20T07:35:47Z" name="MyTestSuite" finished-at="2023-09-20T07:36:00Z" duration-ms="13768">
    <groups>
    </groups>
    <test started-at="2023-09-20T07:35:47Z" name="Test1Suite" finished-at="2023-09-20T07:36:00Z" duration-ms="13768">
      <class name="CTtest.Test3">
        <test-method is-config="true" signature="setup()[pri:0, instance:CTtest.Test3@290d210d]" started-at="2023-09-20T07:35:47Z" name="setup" finished-at="2023-09-20T07:35:49Z" duration-ms="2668" status="PASS">
          <reporter-output>
          </reporter-output>
        </test-method> <!-- setup -->
        <test-method signature="registerUser()[pri:1, instance:CTtest.Test3@290d210d]" started-at="2023-09-20T07:35:49Z" name="registerUser" description="Critical Functionality: User Registration" finished-at="2023-09-20T07:35:54Z" duration-ms="4759" status="PASS">
          <reporter-output>
          </reporter-output>
        </test-method> <!-- registerUser -->
        <test-method signature="loginUser()[pri:2, instance:CTtest.Test3@290d210d]" started-at="2023-09-20T07:35:54Z" name="loginUser" description="Critical Functionality: User Login" finished-at="2023-09-20T07:35:58Z" duration-ms="3631" status="PASS">
          <reporter-output>
          </reporter-output>
        </test-method> <!-- loginUser -->
        <test-method signature="changeTheme()[pri:3, instance:CTtest.Test3@290d210d]" started-at="2023-09-20T07:35:58Z" name="changeTheme" description="Non-Critical Functionality: Change Theme" finished-at="2023-09-20T07:35:59Z" duration-ms="1390" status="PASS">
          <reporter-output>
          </reporter-output>
        </test-method> <!-- changeTheme -->
        <test-method signature="userProfileUpdate()[pri:4, instance:CTtest.Test3@290d210d]" started-at="2023-09-20T07:35:59Z" name="userProfileUpdate" description="Non-Critical Functionality: User Profile Update" finished-at="2023-09-20T07:36:00Z" duration-ms="524" status="PASS">
          <reporter-output>
          </reporter-output>
        </test-method> <!-- userProfileUpdate -->
        <test-method is-config="true" signature="tearDown()[pri:0, instance:CTtest.Test3@290d210d]" started-at="2023-09-20T07:36:00Z" name="tearDown" finished-at="2023-09-20T07:36:00Z" duration-ms="747" status="PASS">
          <reporter-output>
          </reporter-output>
        </test-method> <!-- tearDown -->
      </class> <!-- CTtest.Test3 -->
    </test> <!-- Test1Suite -->
  </suite> <!-- MyTestSuite -->
</testng-results>
